

2021-04-01 16:53:17,640 INFO - Launch browser chrome


=================================================================================================================
Navigate test
=================================================================================================================

2021-04-01 16:53:19,613 DEBUG - Method: project.tests.TodoAppTest.navigateTest
2021-04-01 16:53:19,616 INFO - Navigate Todo app
2021-04-01 16:53:20,890 INFO - Check if todo header displayed - true
2021-04-01 16:53:20,936 INFO - Check if input field displayed - true
2021-04-01 16:53:20,938 DEBUG - Getting element - //input[contains(@class, 'new-todo')]
2021-04-01 16:53:20,968 INFO - Check input placeholder text - What needs to be done?
2021-04-01 16:53:21,2 INFO - Check if footer displayed - false
2021-04-01 16:53:21,7 INFO - Test PASSED
2021-04-01 16:53:21,732 INFO - Navigate Todo app


=================================================================================================================
Create task test
=================================================================================================================

2021-04-01 16:53:22,351 DEBUG - Method: project.tests.TodoAppTest.createTaskTest
2021-04-01 16:53:22,352 INFO - Create a new task - MY test task
2021-04-01 16:53:22,355 DEBUG - Getting element - //input[contains(@class, 'new-todo')]
2021-04-01 16:53:22,407 DEBUG - Getting element - //input[contains(@class, 'new-todo')]
2021-04-01 16:53:22,527 INFO - Check if task[MY test task] displayed - true
2021-04-01 16:53:22,529 DEBUG - Getting element - //footer//span[contains(@class, 'todo-count')]
2021-04-01 16:53:22,560 INFO - Check items left counter text - 1 item left
2021-04-01 16:53:22,560 INFO - Test PASSED
2021-04-01 16:53:23,450 INFO - Navigate Todo app


=================================================================================================================
Edit task test
=================================================================================================================

2021-04-01 16:53:24,74 DEBUG - Method: project.tests.TodoAppTest.editTaskTest
2021-04-01 16:53:24,75 INFO - Create a new task - MY test task
2021-04-01 16:53:24,75 DEBUG - Getting element - //input[contains(@class, 'new-todo')]
2021-04-01 16:53:24,121 DEBUG - Getting element - //input[contains(@class, 'new-todo')]
2021-04-01 16:53:24,190 INFO - Select 'All' filter
2021-04-01 16:53:24,191 DEBUG - Getting element - //footer//ul[contains(@class, 'filters')]//a[text()='All']
2021-04-01 16:53:24,275 INFO - Update task[MY test task] name - MY test new task
2021-04-01 16:53:24,289 DEBUG - Getting element - //ul[contains(@class, 'todo-list')]//label[text()='MY test task']
2021-04-01 16:53:24,564 INFO - Check if task[MY test new task] displayed - false
2021-04-01 16:53:24,569 ERROR - User not able to edit existing task expected [true] but found [false]

User not able to edit existing task expected [true] but found [false]

org.testng.Assert.fail(Assert.java:96)
org.testng.Assert.failNotEquals(Assert.java:776)
org.testng.Assert.assertTrue(Assert.java:44)
org.testng.Assert$assertTrue$0.callStatic(Unknown Source)
org.codehaus.groovy.runtime.callsite.CallSiteArray.defaultCallStatic(CallSiteArray.java:55)
org.codehaus.groovy.runtime.callsite.AbstractCallSite.callStatic(AbstractCallSite.java:217)
org.codehaus.groovy.runtime.callsite.AbstractCallSite.callStatic(AbstractCallSite.java:240)
project.tests.TodoAppTest.editTaskTest(TodoAppTest.groovy:52)
sun.reflect.NativeMethodAccessorImpl.invoke0(Native Method)
sun.reflect.NativeMethodAccessorImpl.invoke(NativeMethodAccessorImpl.java:62)
sun.reflect.DelegatingMethodAccessorImpl.invoke(DelegatingMethodAccessorImpl.java:43)
java.lang.reflect.Method.invoke(Method.java:498)
org.testng.internal.MethodInvocationHelper.invokeMethod(MethodInvocationHelper.java:124)
org.testng.internal.Invoker.invokeMethod(Invoker.java:583)
org.testng.internal.Invoker.invokeTestMethod(Invoker.java:719)
org.testng.internal.Invoker.invokeTestMethods(Invoker.java:989)
org.testng.internal.TestMethodWorker.invokeTestMethods(TestMethodWorker.java:125)
org.testng.internal.TestMethodWorker.run(TestMethodWorker.java:109)
org.testng.TestRunner.privateRun(TestRunner.java:648)
org.testng.TestRunner.run(TestRunner.java:505)
org.testng.SuiteRunner.runTest(SuiteRunner.java:455)
org.testng.SuiteRunner.runSequentially(SuiteRunner.java:450)
org.testng.SuiteRunner.privateRun(SuiteRunner.java:415)
org.testng.SuiteRunner.run(SuiteRunner.java:364)
org.testng.SuiteRunnerWorker.runSuite(SuiteRunnerWorker.java:52)
org.testng.SuiteRunnerWorker.run(SuiteRunnerWorker.java:84)
org.testng.TestNG.runSuitesSequentially(TestNG.java:1208)
org.testng.TestNG.runSuitesLocally(TestNG.java:1137)
org.testng.TestNG.runSuites(TestNG.java:1049)
org.testng.TestNG.run(TestNG.java:1017)
org.apache.maven.surefire.testng.TestNGExecutor.run(TestNGExecutor.java:283)
org.apache.maven.surefire.testng.TestNGXmlTestSuite.execute(TestNGXmlTestSuite.java:75)
org.apache.maven.surefire.testng.TestNGProvider.invoke(TestNGProvider.java:120)
org.apache.maven.surefire.booter.ForkedBooter.runSuitesInProcess(ForkedBooter.java:377)
org.apache.maven.surefire.booter.ForkedBooter.execute(ForkedBooter.java:138)
org.apache.maven.surefire.booter.ForkedBooter.run(ForkedBooter.java:465)
org.apache.maven.surefire.booter.ForkedBooter.main(ForkedBooter.java:451)
2021-04-01 16:53:24,976 ERROR - Test FAILED. User not able to edit existing task expected [true] but found [false]
2021-04-01 16:53:25,646 INFO - Navigate Todo app


=================================================================================================================
Delete task test
=================================================================================================================

2021-04-01 16:53:26,298 DEBUG - Method: project.tests.TodoAppTest.deleteTaskTest
2021-04-01 16:53:26,298 INFO - Create a new task - MY task 1
2021-04-01 16:53:26,299 DEBUG - Getting element - //input[contains(@class, 'new-todo')]
2021-04-01 16:53:26,345 DEBUG - Getting element - //input[contains(@class, 'new-todo')]
2021-04-01 16:53:26,406 INFO - Create a new task - MY task 2
2021-04-01 16:53:26,406 DEBUG - Getting element - //input[contains(@class, 'new-todo')]
2021-04-01 16:53:26,438 DEBUG - Getting element - //input[contains(@class, 'new-todo')]
2021-04-01 16:53:26,478 INFO - Select 'All' filter
2021-04-01 16:53:26,479 DEBUG - Getting element - //footer//ul[contains(@class, 'filters')]//a[text()='All']
2021-04-01 16:53:26,549 INFO - Delete task[MY task 1]
2021-04-01 16:53:26,550 DEBUG - Getting element - //ul[contains(@class, 'todo-list')]//label[text()='MY task 1']
2021-04-01 16:53:26,565 DEBUG - Getting element - //ul[contains(@class, 'todo-list')]//label[text()='MY task 1']/..//button
2021-04-01 16:53:26,845 INFO - Check if task[MY task 1] displayed - false
2021-04-01 16:53:26,845 DEBUG - Getting element - //footer//span[contains(@class, 'todo-count')]
2021-04-01 16:53:26,870 INFO - Check items left counter text - 3 items left
2021-04-01 16:53:26,871 ERROR - Wrong items counter after delete expected [1 item left] but found [3 items left]

Wrong items counter after delete expected [1 item left] but found [3 items left]

org.testng.Assert.fail(Assert.java:96)
org.testng.Assert.failNotEquals(Assert.java:776)
org.testng.Assert.assertEqualsImpl(Assert.java:137)
org.testng.Assert.assertEquals(Assert.java:118)
org.testng.Assert.assertEquals(Assert.java:453)
org.testng.Assert$assertEquals$1.callStatic(Unknown Source)
org.codehaus.groovy.runtime.callsite.CallSiteArray.defaultCallStatic(CallSiteArray.java:55)
org.codehaus.groovy.runtime.callsite.AbstractCallSite.callStatic(AbstractCallSite.java:217)
org.codehaus.groovy.runtime.callsite.AbstractCallSite.callStatic(AbstractCallSite.java:249)
project.tests.TodoAppTest.deleteTaskTest(TodoAppTest.groovy:64)
sun.reflect.NativeMethodAccessorImpl.invoke0(Native Method)
sun.reflect.NativeMethodAccessorImpl.invoke(NativeMethodAccessorImpl.java:62)
sun.reflect.DelegatingMethodAccessorImpl.invoke(DelegatingMethodAccessorImpl.java:43)
java.lang.reflect.Method.invoke(Method.java:498)
org.testng.internal.MethodInvocationHelper.invokeMethod(MethodInvocationHelper.java:124)
org.testng.internal.Invoker.invokeMethod(Invoker.java:583)
org.testng.internal.Invoker.invokeTestMethod(Invoker.java:719)
org.testng.internal.Invoker.invokeTestMethods(Invoker.java:989)
org.testng.internal.TestMethodWorker.invokeTestMethods(TestMethodWorker.java:125)
org.testng.internal.TestMethodWorker.run(TestMethodWorker.java:109)
org.testng.TestRunner.privateRun(TestRunner.java:648)
org.testng.TestRunner.run(TestRunner.java:505)
org.testng.SuiteRunner.runTest(SuiteRunner.java:455)
org.testng.SuiteRunner.runSequentially(SuiteRunner.java:450)
org.testng.SuiteRunner.privateRun(SuiteRunner.java:415)
org.testng.SuiteRunner.run(SuiteRunner.java:364)
org.testng.SuiteRunnerWorker.runSuite(SuiteRunnerWorker.java:52)
org.testng.SuiteRunnerWorker.run(SuiteRunnerWorker.java:84)
org.testng.TestNG.runSuitesSequentially(TestNG.java:1208)
org.testng.TestNG.runSuitesLocally(TestNG.java:1137)
org.testng.TestNG.runSuites(TestNG.java:1049)
org.testng.TestNG.run(TestNG.java:1017)
org.apache.maven.surefire.testng.TestNGExecutor.run(TestNGExecutor.java:283)
org.apache.maven.surefire.testng.TestNGXmlTestSuite.execute(TestNGXmlTestSuite.java:75)
org.apache.maven.surefire.testng.TestNGProvider.invoke(TestNGProvider.java:120)
org.apache.maven.surefire.booter.ForkedBooter.runSuitesInProcess(ForkedBooter.java:377)
org.apache.maven.surefire.booter.ForkedBooter.execute(ForkedBooter.java:138)
org.apache.maven.surefire.booter.ForkedBooter.run(ForkedBooter.java:465)
org.apache.maven.surefire.booter.ForkedBooter.main(ForkedBooter.java:451)
2021-04-01 16:53:27,228 ERROR - Test FAILED. Wrong items counter after delete expected [1 item left] but found [3 items left]
2021-04-01 16:53:27,908 INFO - Navigate Todo app


=================================================================================================================
Delete the last task test
=================================================================================================================

2021-04-01 16:53:28,546 DEBUG - Method: project.tests.TodoAppTest.deleteTheLastTaskTest
2021-04-01 16:53:28,546 INFO - Create a new task - MY task
2021-04-01 16:53:28,547 DEBUG - Getting element - //input[contains(@class, 'new-todo')]
2021-04-01 16:53:28,593 DEBUG - Getting element - //input[contains(@class, 'new-todo')]
2021-04-01 16:53:28,652 INFO - Delete task[MY task]
2021-04-01 16:53:28,652 DEBUG - Getting element - //ul[contains(@class, 'todo-list')]//label[text()='MY task']
2021-04-01 16:53:28,667 DEBUG - Getting element - //ul[contains(@class, 'todo-list')]//label[text()='MY task']/..//button
2021-04-01 16:53:28,976 INFO - Check if task[MY task] displayed - false
2021-04-01 16:53:29,1 INFO - Check if footer displayed - true
2021-04-01 16:53:29,1 ERROR - Footer is displayed expected [false] but found [true]

Footer is displayed expected [false] but found [true]

org.testng.Assert.fail(Assert.java:96)
org.testng.Assert.failNotEquals(Assert.java:776)
org.testng.Assert.assertFalse(Assert.java:65)
org.testng.Assert$assertFalse$2.callStatic(Unknown Source)
org.codehaus.groovy.runtime.callsite.CallSiteArray.defaultCallStatic(CallSiteArray.java:55)
org.codehaus.groovy.runtime.callsite.AbstractCallSite.callStatic(AbstractCallSite.java:217)
org.codehaus.groovy.runtime.callsite.AbstractCallSite.callStatic(AbstractCallSite.java:240)
project.tests.TodoAppTest.deleteTheLastTaskTest(TodoAppTest.groovy:73)
sun.reflect.NativeMethodAccessorImpl.invoke0(Native Method)
sun.reflect.NativeMethodAccessorImpl.invoke(NativeMethodAccessorImpl.java:62)
sun.reflect.DelegatingMethodAccessorImpl.invoke(DelegatingMethodAccessorImpl.java:43)
java.lang.reflect.Method.invoke(Method.java:498)
org.testng.internal.MethodInvocationHelper.invokeMethod(MethodInvocationHelper.java:124)
org.testng.internal.Invoker.invokeMethod(Invoker.java:583)
org.testng.internal.Invoker.invokeTestMethod(Invoker.java:719)
org.testng.internal.Invoker.invokeTestMethods(Invoker.java:989)
org.testng.internal.TestMethodWorker.invokeTestMethods(TestMethodWorker.java:125)
org.testng.internal.TestMethodWorker.run(TestMethodWorker.java:109)
org.testng.TestRunner.privateRun(TestRunner.java:648)
org.testng.TestRunner.run(TestRunner.java:505)
org.testng.SuiteRunner.runTest(SuiteRunner.java:455)
org.testng.SuiteRunner.runSequentially(SuiteRunner.java:450)
org.testng.SuiteRunner.privateRun(SuiteRunner.java:415)
org.testng.SuiteRunner.run(SuiteRunner.java:364)
org.testng.SuiteRunnerWorker.runSuite(SuiteRunnerWorker.java:52)
org.testng.SuiteRunnerWorker.run(SuiteRunnerWorker.java:84)
org.testng.TestNG.runSuitesSequentially(TestNG.java:1208)
org.testng.TestNG.runSuitesLocally(TestNG.java:1137)
org.testng.TestNG.runSuites(TestNG.java:1049)
org.testng.TestNG.run(TestNG.java:1017)
org.apache.maven.surefire.testng.TestNGExecutor.run(TestNGExecutor.java:283)
org.apache.maven.surefire.testng.TestNGXmlTestSuite.execute(TestNGXmlTestSuite.java:75)
org.apache.maven.surefire.testng.TestNGProvider.invoke(TestNGProvider.java:120)
org.apache.maven.surefire.booter.ForkedBooter.runSuitesInProcess(ForkedBooter.java:377)
org.apache.maven.surefire.booter.ForkedBooter.execute(ForkedBooter.java:138)
org.apache.maven.surefire.booter.ForkedBooter.run(ForkedBooter.java:465)
org.apache.maven.surefire.booter.ForkedBooter.main(ForkedBooter.java:451)
2021-04-01 16:53:29,364 ERROR - Test FAILED. Footer is displayed expected [false] but found [true]
2021-04-01 16:53:30,46 INFO - Navigate Todo app


=================================================================================================================
Complete task test
=================================================================================================================

2021-04-01 16:53:30,693 DEBUG - Method: project.tests.TodoAppTest.completeTaskTest
2021-04-01 16:53:30,694 INFO - Create a new task - MY task
2021-04-01 16:53:30,695 DEBUG - Getting element - //input[contains(@class, 'new-todo')]
2021-04-01 16:53:30,751 DEBUG - Getting element - //input[contains(@class, 'new-todo')]
2021-04-01 16:53:30,813 INFO - Select 'All' filter
2021-04-01 16:53:30,813 DEBUG - Getting element - //footer//ul[contains(@class, 'filters')]//a[text()='All']
2021-04-01 16:53:30,886 INFO - Complete task[MY task]
2021-04-01 16:53:30,900 DEBUG - Getting element - //ul[contains(@class, 'todo-list')]//label[text()='MY task']/..//input[@class='toggle']

no such element: Unable to locate element: {"method":"xpath","selector":"//ul[contains(@class, 'todo-list')]//label[text()='MY task']/..//input[@class='toggle']"}
  (Session info: chrome=89.0.4389.90)
For documentation on this error, please visit: https://www.seleniumhq.org/exceptions/no_such_element.html
Build info: version: '3.141.59', revision: 'e82be7d358', time: '2018-11-14T08:17:03'
System info: host: 'P-DOROSCHENKOM', ip: '192.168.35.128', os.name: 'Windows 10', os.arch: 'amd64', os.version: '10.0', java.version: '1.8.0_121'
Driver info: org.openqa.selenium.chrome.ChromeDriver
Capabilities {acceptInsecureCerts: false, browserName: chrome, browserVersion: 89.0.4389.90, chrome: {chromedriverVersion: 89.0.4389.23 (61b08ee2c5002..., userDataDir: C:\Users\DOROSC~1\AppData\L...}, goog:chromeOptions: {debuggerAddress: localhost:64435}, javascriptEnabled: true, networkConnectionEnabled: false, pageLoadStrategy: normal, platform: WINDOWS, platformName: WINDOWS, proxy: Proxy(), setWindowRect: true, strictFileInteractability: false, timeouts: {implicit: 0, pageLoad: 300000, script: 30000}, unhandledPromptBehavior: dismiss and notify, webauthn:extension:largeBlob: true, webauthn:virtualAuthenticators: true}
Session ID: 9e4b2c2a58d8adea21c6a27ba2006c1b
*** Element info: {Using=xpath, value=//ul[contains(@class, 'todo-list')]//label[text()='MY task']/..//input[@class='toggle']}

sun.reflect.NativeConstructorAccessorImpl.newInstance0(Native Method)
sun.reflect.NativeConstructorAccessorImpl.newInstance(NativeConstructorAccessorImpl.java:62)
sun.reflect.DelegatingConstructorAccessorImpl.newInstance(DelegatingConstructorAccessorImpl.java:45)
java.lang.reflect.Constructor.newInstance(Constructor.java:423)
org.openqa.selenium.remote.http.W3CHttpResponseCodec.createException(W3CHttpResponseCodec.java:187)
org.openqa.selenium.remote.http.W3CHttpResponseCodec.decode(W3CHttpResponseCodec.java:122)
org.openqa.selenium.remote.http.W3CHttpResponseCodec.decode(W3CHttpResponseCodec.java:49)
org.openqa.selenium.remote.HttpCommandExecutor.execute(HttpCommandExecutor.java:158)
org.openqa.selenium.remote.service.DriverCommandExecutor.execute(DriverCommandExecutor.java:83)
org.openqa.selenium.remote.RemoteWebDriver.execute(RemoteWebDriver.java:552)
org.openqa.selenium.remote.RemoteWebDriver.findElement(RemoteWebDriver.java:323)
org.openqa.selenium.remote.RemoteWebDriver.findElementByXPath(RemoteWebDriver.java:428)
org.openqa.selenium.By$ByXPath.findElement(By.java:353)
org.openqa.selenium.remote.RemoteWebDriver.findElement(RemoteWebDriver.java:315)
org.openqa.selenium.WebDriver$findElement$2.call(Unknown Source)
my.testframework.utils.uielements.WebElement.getElement(WebElement.groovy:21)
my.testframework.utils.uielements.BaseWebElement.click(BaseWebElement.groovy:17)
org.openqa.selenium.WebElement$click$7.call(Unknown Source)
org.codehaus.groovy.runtime.callsite.CallSiteArray.defaultCall(CallSiteArray.java:47)
org.codehaus.groovy.runtime.callsite.AbstractCallSite.call(AbstractCallSite.java:125)
org.codehaus.groovy.runtime.callsite.AbstractCallSite.call(AbstractCallSite.java:130)
project.pages.TodoPage.clickTaskCkeckbox(TodoPage.groovy:104)
project.pages.TodoPage$clickTaskCkeckbox$11.call(Unknown Source)
org.codehaus.groovy.runtime.callsite.CallSiteArray.defaultCall(CallSiteArray.java:47)
org.codehaus.groovy.runtime.callsite.AbstractCallSite.call(AbstractCallSite.java:125)
org.codehaus.groovy.runtime.callsite.AbstractCallSite.call(AbstractCallSite.java:139)
project.helpers.TodoPageHelper.completeTask(TodoPageHelper.groovy:81)
project.helpers.TodoPageHelper$completeTask$10.call(Unknown Source)
org.codehaus.groovy.runtime.callsite.CallSiteArray.defaultCall(CallSiteArray.java:47)
org.codehaus.groovy.runtime.callsite.AbstractCallSite.call(AbstractCallSite.java:125)
org.codehaus.groovy.runtime.callsite.AbstractCallSite.call(AbstractCallSite.java:139)
project.tests.TodoAppTest.completeTaskTest(TodoAppTest.groovy:79)
sun.reflect.NativeMethodAccessorImpl.invoke0(Native Method)
sun.reflect.NativeMethodAccessorImpl.invoke(NativeMethodAccessorImpl.java:62)
sun.reflect.DelegatingMethodAccessorImpl.invoke(DelegatingMethodAccessorImpl.java:43)
java.lang.reflect.Method.invoke(Method.java:498)
org.testng.internal.MethodInvocationHelper.invokeMethod(MethodInvocationHelper.java:124)
org.testng.internal.Invoker.invokeMethod(Invoker.java:583)
org.testng.internal.Invoker.invokeTestMethod(Invoker.java:719)
org.testng.internal.Invoker.invokeTestMethods(Invoker.java:989)
org.testng.internal.TestMethodWorker.invokeTestMethods(TestMethodWorker.java:125)
org.testng.internal.TestMethodWorker.run(TestMethodWorker.java:109)
org.testng.TestRunner.privateRun(TestRunner.java:648)
org.testng.TestRunner.run(TestRunner.java:505)
org.testng.SuiteRunner.runTest(SuiteRunner.java:455)
org.testng.SuiteRunner.runSequentially(SuiteRunner.java:450)
org.testng.SuiteRunner.privateRun(SuiteRunner.java:415)
org.testng.SuiteRunner.run(SuiteRunner.java:364)
org.testng.SuiteRunnerWorker.runSuite(SuiteRunnerWorker.java:52)
org.testng.SuiteRunnerWorker.run(SuiteRunnerWorker.java:84)
org.testng.TestNG.runSuitesSequentially(TestNG.java:1208)
org.testng.TestNG.runSuitesLocally(TestNG.java:1137)
org.testng.TestNG.runSuites(TestNG.java:1049)
org.testng.TestNG.run(TestNG.java:1017)
org.apache.maven.surefire.testng.TestNGExecutor.run(TestNGExecutor.java:283)
org.apache.maven.surefire.testng.TestNGXmlTestSuite.execute(TestNGXmlTestSuite.java:75)
org.apache.maven.surefire.testng.TestNGProvider.invoke(TestNGProvider.java:120)
org.apache.maven.surefire.booter.ForkedBooter.runSuitesInProcess(ForkedBooter.java:377)
org.apache.maven.surefire.booter.ForkedBooter.execute(ForkedBooter.java:138)
org.apache.maven.surefire.booter.ForkedBooter.run(ForkedBooter.java:465)
org.apache.maven.surefire.booter.ForkedBooter.main(ForkedBooter.java:451)
2021-04-01 16:53:31,310 ERROR - no such element: Unable to locate element: {"method":"xpath","selector":"//ul[contains(@class, 'todo-list')]//label[text()='MY task']/..//input[@class='toggle']"}
  (Session info: chrome=89.0.4389.90)
For documentation on this error, please visit: https://www.seleniumhq.org/exceptions/no_such_element.html
Build info: version: '3.141.59', revision: 'e82be7d358', time: '2018-11-14T08:17:03'
System info: host: 'P-DOROSCHENKOM', ip: '192.168.35.128', os.name: 'Windows 10', os.arch: 'amd64', os.version: '10.0', java.version: '1.8.0_121'
Driver info: org.openqa.selenium.chrome.ChromeDriver
Capabilities {acceptInsecureCerts: false, browserName: chrome, browserVersion: 89.0.4389.90, chrome: {chromedriverVersion: 89.0.4389.23 (61b08ee2c5002..., userDataDir: C:\Users\DOROSC~1\AppData\L...}, goog:chromeOptions: {debuggerAddress: localhost:64435}, javascriptEnabled: true, networkConnectionEnabled: false, pageLoadStrategy: normal, platform: WINDOWS, platformName: WINDOWS, proxy: Proxy(), setWindowRect: true, strictFileInteractability: false, timeouts: {implicit: 0, pageLoad: 300000, script: 30000}, unhandledPromptBehavior: dismiss and notify, webauthn:extension:largeBlob: true, webauthn:virtualAuthenticators: true}
Session ID: 9e4b2c2a58d8adea21c6a27ba2006c1b
*** Element info: {Using=xpath, value=//ul[contains(@class, 'todo-list')]//label[text()='MY task']/..//input[@class='toggle']}